<?xml version="1.0" encoding="UTF-8"?>
<!-- Generated by org.testng.reporters.JUnitReportReporter -->
<testsuite hostname="Simone.local" name="com.applause.auto.tests.TestSample" tests="1" failures="0" timestamp="23 Apr 2016 10:53:29 GMT" time="0.024" errors="0">
  <testcase name="testCorrectErrorMsgDisplayedWithMissingFirstName" time="0.024" classname="com.applause.auto.tests.TestSample"/>
</testsuite> <!-- com.applause.auto.tests.TestSample -->
